2024-03-19 16:36:33.744  INFO 16440 --- [main] e.s.t.S.SpringRestApiDemosApplication    : Starting SpringRestApiDemosApplication using Java 17.0.10 on ITEM-S147564 with PID 16440 (C:\Users\sawon\Documents\workspace-spring-tool-suite-4-4.22.0.RELEASE\SpringRestAPIDemos\target\classes started by sawon in C:\Users\sawon\Documents\workspace-spring-tool-suite-4-4.22.0.RELEASE\SpringRestAPIDemos)
2024-03-19 16:36:33.746  INFO 16440 --- [main] e.s.t.S.SpringRestApiDemosApplication    : No active profile set, falling back to default profiles: default
2024-03-19 16:36:34.596  INFO 16440 --- [main] o.s.b.w.embedded.tomcat.TomcatWebServer  : Tomcat initialized with port(s): 8080 (http)
2024-03-19 16:36:34.613  INFO 16440 --- [main] o.apache.catalina.core.StandardService   : Starting service [Tomcat]
2024-03-19 16:36:34.614  INFO 16440 --- [main] org.apache.catalina.core.StandardEngine  : Starting Servlet engine: [Apache Tomcat/9.0.55]
2024-03-19 16:36:34.675  INFO 16440 --- [main] o.a.c.c.C.[Tomcat].[localhost].[/]       : Initializing Spring embedded WebApplicationContext
2024-03-19 16:36:34.676  INFO 16440 --- [main] w.s.c.ServletWebServerApplicationContext : Root WebApplicationContext: initialization completed in 887 ms
2024-03-19 16:36:34.976  INFO 16440 --- [main] pertySourcedRequestMappingHandlerMapping : Mapped URL path [/v2/api-docs] onto method [springfox.documentation.swagger2.web.Swagger2Controller#getDocumentation(String, HttpServletRequest)]
2024-03-19 16:36:35.187  INFO 16440 --- [main] o.s.b.w.embedded.tomcat.TomcatWebServer  : Tomcat started on port(s): 8080 (http) with context path ''
2024-03-19 16:36:35.188  INFO 16440 --- [main] d.s.w.p.DocumentationPluginsBootstrapper : Context refreshed
2024-03-19 16:36:35.200  INFO 16440 --- [main] d.s.w.p.DocumentationPluginsBootstrapper : Found 1 custom documentation plugin(s)
2024-03-19 16:36:35.225  INFO 16440 --- [main] s.d.s.w.s.ApiListingReferenceScanner     : Scanning for api listing references
2024-03-19 16:36:35.332  INFO 16440 --- [main] e.s.t.S.SpringRestApiDemosApplication    : Started SpringRestApiDemosApplication in 1.918 seconds (JVM running for 2.621)
2024-03-19 16:36:39.050  INFO 16440 --- [http-nio-8080-exec-1] o.a.c.c.C.[Tomcat].[localhost].[/]       : Initializing Spring DispatcherServlet 'dispatcherServlet'
2024-03-19 16:36:39.051  INFO 16440 --- [http-nio-8080-exec-1] o.s.web.servlet.DispatcherServlet        : Initializing Servlet 'dispatcherServlet'
2024-03-19 16:36:39.052  INFO 16440 --- [http-nio-8080-exec-1] o.s.web.servlet.DispatcherServlet        : Completed initialization in 1 ms
2024-03-19 16:36:39.072  INFO 16440 --- [http-nio-8080-exec-1] e.s.t.S.controllers.MyRestController     : This a Student Info Log
2024-03-19 16:36:39.072  WARN 16440 --- [http-nio-8080-exec-1] e.s.t.S.controllers.MyRestController     : This a Student warning log 
2024-03-19 16:36:39.072 ERROR 16440 --- [http-nio-8080-exec-1] e.s.t.S.controllers.MyRestController     : This Student Error Log
2024-03-19 16:36:39.072 DEBUG 16440 --- [http-nio-8080-exec-1] e.s.t.S.controllers.MyRestController     : This is Student Debug log
2024-03-19 16:38:57.714  INFO 16440 --- [http-nio-8080-exec-4] e.s.t.S.controllers.MyRestController     : This a Student Info Log
2024-03-19 16:38:57.715  WARN 16440 --- [http-nio-8080-exec-4] e.s.t.S.controllers.MyRestController     : This a Student warning log 
2024-03-19 16:38:57.715 ERROR 16440 --- [http-nio-8080-exec-4] e.s.t.S.controllers.MyRestController     : This Student Error Log
2024-03-19 16:38:57.716 DEBUG 16440 --- [http-nio-8080-exec-4] e.s.t.S.controllers.MyRestController     : This is Student Debug log
2024-03-19 16:40:09.411  INFO 16440 --- [http-nio-8080-exec-7] e.s.t.S.controllers.MyRestController     : This a Student Info Log
2024-03-19 16:40:09.411  WARN 16440 --- [http-nio-8080-exec-7] e.s.t.S.controllers.MyRestController     : This a Student warning log 
2024-03-19 16:40:09.412 ERROR 16440 --- [http-nio-8080-exec-7] e.s.t.S.controllers.MyRestController     : This Student Error Log
2024-03-19 16:40:09.412 DEBUG 16440 --- [http-nio-8080-exec-7] e.s.t.S.controllers.MyRestController     : This is Student Debug log
2024-03-19 16:40:10.659  INFO 16440 --- [http-nio-8080-exec-8] e.s.t.S.controllers.MyRestController     : This a Student Info Log
2024-03-19 16:40:10.659  WARN 16440 --- [http-nio-8080-exec-8] e.s.t.S.controllers.MyRestController     : This a Student warning log 
2024-03-19 16:40:10.660 ERROR 16440 --- [http-nio-8080-exec-8] e.s.t.S.controllers.MyRestController     : This Student Error Log
2024-03-19 16:40:10.660 DEBUG 16440 --- [http-nio-8080-exec-8] e.s.t.S.controllers.MyRestController     : This is Student Debug log
2024-03-19 16:40:17.880  INFO 16440 --- [RMI TCP Connection(13)-127.0.0.1] inMXBeanRegistrar$SpringApplicationAdmin : Application shutdown requested.
2024-03-19 16:40:19.689  INFO 21720 --- [main] e.s.t.S.SpringRestApiDemosApplication    : Starting SpringRestApiDemosApplication using Java 17.0.10 on ITEM-S147564 with PID 21720 (C:\Users\sawon\Documents\workspace-spring-tool-suite-4-4.22.0.RELEASE\SpringRestAPIDemos\target\classes started by sawon in C:\Users\sawon\Documents\workspace-spring-tool-suite-4-4.22.0.RELEASE\SpringRestAPIDemos)
2024-03-19 16:40:19.691  INFO 21720 --- [main] e.s.t.S.SpringRestApiDemosApplication    : No active profile set, falling back to default profiles: default
2024-03-19 16:40:20.438  INFO 21720 --- [main] o.s.b.w.embedded.tomcat.TomcatWebServer  : Tomcat initialized with port(s): 8080 (http)
2024-03-19 16:40:20.448  INFO 21720 --- [main] o.apache.catalina.core.StandardService   : Starting service [Tomcat]
2024-03-19 16:40:20.448  INFO 21720 --- [main] org.apache.catalina.core.StandardEngine  : Starting Servlet engine: [Apache Tomcat/9.0.55]
2024-03-19 16:40:20.508  INFO 21720 --- [main] o.a.c.c.C.[Tomcat].[localhost].[/]       : Initializing Spring embedded WebApplicationContext
2024-03-19 16:40:20.508  INFO 21720 --- [main] w.s.c.ServletWebServerApplicationContext : Root WebApplicationContext: initialization completed in 780 ms
2024-03-19 16:40:20.788  INFO 21720 --- [main] pertySourcedRequestMappingHandlerMapping : Mapped URL path [/v2/api-docs] onto method [springfox.documentation.swagger2.web.Swagger2Controller#getDocumentation(String, HttpServletRequest)]
2024-03-19 16:40:20.932  INFO 21720 --- [main] .s.s.UserDetailsServiceAutoConfiguration : 

Using generated security password: 98228bc2-d79a-4998-acb0-e4b4125c584d

2024-03-19 16:40:21.005  INFO 21720 --- [main] o.s.s.web.DefaultSecurityFilterChain     : Will secure any request with [org.springframework.security.web.context.request.async.WebAsyncManagerIntegrationFilter@7b377a53, org.springframework.security.web.context.SecurityContextPersistenceFilter@852ef8d, org.springframework.security.web.header.HeaderWriterFilter@161d95c6, org.springframework.security.web.csrf.CsrfFilter@28b458e6, org.springframework.security.web.authentication.logout.LogoutFilter@3a209918, org.springframework.security.web.authentication.UsernamePasswordAuthenticationFilter@dc1fadd, org.springframework.security.web.authentication.ui.DefaultLoginPageGeneratingFilter@3181d4de, org.springframework.security.web.authentication.ui.DefaultLogoutPageGeneratingFilter@1b0e031b, org.springframework.security.web.authentication.www.BasicAuthenticationFilter@45b7c97f, org.springframework.security.web.savedrequest.RequestCacheAwareFilter@7e94e331, org.springframework.security.web.servletapi.SecurityContextHolderAwareRequestFilter@3962ec84, org.springframework.security.web.authentication.AnonymousAuthenticationFilter@6009cd34, org.springframework.security.web.session.SessionManagementFilter@439f2d87, org.springframework.security.web.access.ExceptionTranslationFilter@701c223a, org.springframework.security.web.access.intercept.FilterSecurityInterceptor@1e120628]
2024-03-19 16:40:21.079  INFO 21720 --- [main] o.s.b.w.embedded.tomcat.TomcatWebServer  : Tomcat started on port(s): 8080 (http) with context path ''
2024-03-19 16:40:21.080  INFO 21720 --- [main] d.s.w.p.DocumentationPluginsBootstrapper : Context refreshed
2024-03-19 16:40:21.097  INFO 21720 --- [main] d.s.w.p.DocumentationPluginsBootstrapper : Found 1 custom documentation plugin(s)
2024-03-19 16:40:21.137  INFO 21720 --- [main] s.d.s.w.s.ApiListingReferenceScanner     : Scanning for api listing references
2024-03-19 16:40:21.220  INFO 21720 --- [main] e.s.t.S.SpringRestApiDemosApplication    : Started SpringRestApiDemosApplication in 1.818 seconds (JVM running for 2.453)
2024-03-19 16:40:25.066  INFO 21720 --- [http-nio-8080-exec-1] o.a.c.c.C.[Tomcat].[localhost].[/]       : Initializing Spring DispatcherServlet 'dispatcherServlet'
2024-03-19 16:40:25.067  INFO 21720 --- [http-nio-8080-exec-1] o.s.web.servlet.DispatcherServlet        : Initializing Servlet 'dispatcherServlet'
2024-03-19 16:40:25.068  INFO 21720 --- [http-nio-8080-exec-1] o.s.web.servlet.DispatcherServlet        : Completed initialization in 1 ms
2024-03-19 16:41:20.447  INFO 21720 --- [http-nio-8080-exec-4] e.s.t.S.controllers.MyRestController     : This a Student Info Log
2024-03-19 16:41:20.448  WARN 21720 --- [http-nio-8080-exec-4] e.s.t.S.controllers.MyRestController     : This a Student warning log 
2024-03-19 16:41:20.448 ERROR 21720 --- [http-nio-8080-exec-4] e.s.t.S.controllers.MyRestController     : This Student Error Log
2024-03-19 16:41:20.448 DEBUG 21720 --- [http-nio-8080-exec-4] e.s.t.S.controllers.MyRestController     : This is Student Debug log
2024-03-19 16:42:48.607  INFO 21720 --- [http-nio-8080-exec-3] e.s.t.S.controllers.MyRestController     : This a Student Info Log
2024-03-19 16:42:48.608  WARN 21720 --- [http-nio-8080-exec-3] e.s.t.S.controllers.MyRestController     : This a Student warning log 
2024-03-19 16:42:48.608 ERROR 21720 --- [http-nio-8080-exec-3] e.s.t.S.controllers.MyRestController     : This Student Error Log
2024-03-19 16:42:48.608 DEBUG 21720 --- [http-nio-8080-exec-3] e.s.t.S.controllers.MyRestController     : This is Student Debug log
2024-03-19 17:11:15.207  INFO 21720 --- [RMI TCP Connection(39)-127.0.0.1] inMXBeanRegistrar$SpringApplicationAdmin : Application shutdown requested.
